0 info it worked if it ends with ok
1 verbose cli [ '/usr/bin/nodejs', '/usr/bin/npm', 'install' ]
2 info using npm@3.5.2
3 info using node@v4.2.6
4 silly loadCurrentTree Starting
5 silly install loadCurrentTree
6 silly install readLocalPackageData
7 silly install normalizeTree
8 silly loadCurrentTree Finishing
9 silly loadIdealTree Starting
10 silly install loadIdealTree
11 silly cloneCurrentTree Starting
12 silly install cloneCurrentTreeToIdealTree
13 silly cloneCurrentTree Finishing
14 silly loadShrinkwrap Starting
15 silly install loadShrinkwrap
16 silly loadShrinkwrap Finishing
17 silly loadAllDepsIntoIdealTree Starting
18 silly install loadAllDepsIntoIdealTree
19 silly fetchNamedPackageData pug
20 silly mapToRegistry name pug
21 silly mapToRegistry using default registry
22 silly mapToRegistry registry https://registry.npmjs.org/
23 silly mapToRegistry uri https://registry.npmjs.org/pug
24 verbose request uri https://registry.npmjs.org/pug
25 verbose request no auth needed
26 info attempt registry request try #1 at 9:38:22 PM
27 verbose request id 9c85b6fb71caaa32
28 http request GET https://registry.npmjs.org/pug
29 http 200 https://registry.npmjs.org/pug
30 verbose headers { server: 'CouchDB/1.5.0 (Erlang OTP/R16B03)',
30 verbose headers   etag: '"A6M4NN8UKRUZQ29DAB9BZTRSX"',
30 verbose headers   'content-type': 'application/json',
30 verbose headers   'content-encoding': 'gzip',
30 verbose headers   'cache-control': 'max-age=300',
30 verbose headers   'content-length': '6985',
30 verbose headers   'accept-ranges': 'bytes',
30 verbose headers   date: 'Wed, 13 Jul 2016 03:38:23 GMT',
30 verbose headers   via: '1.1 varnish',
30 verbose headers   age: '30',
30 verbose headers   connection: 'keep-alive',
30 verbose headers   'x-served-by': 'cache-ord1736-ORD',
30 verbose headers   'x-cache': 'HIT',
30 verbose headers   'x-cache-hits': '1',
30 verbose headers   'x-timer': 'S1468381103.001442,VS0,VE0',
30 verbose headers   vary: 'Accept-Encoding' }
31 silly get cb [ 200,
31 silly get   { server: 'CouchDB/1.5.0 (Erlang OTP/R16B03)',
31 silly get     etag: '"A6M4NN8UKRUZQ29DAB9BZTRSX"',
31 silly get     'content-type': 'application/json',
31 silly get     'content-encoding': 'gzip',
31 silly get     'cache-control': 'max-age=300',
31 silly get     'content-length': '6985',
31 silly get     'accept-ranges': 'bytes',
31 silly get     date: 'Wed, 13 Jul 2016 03:38:23 GMT',
31 silly get     via: '1.1 varnish',
31 silly get     age: '30',
31 silly get     connection: 'keep-alive',
31 silly get     'x-served-by': 'cache-ord1736-ORD',
31 silly get     'x-cache': 'HIT',
31 silly get     'x-cache-hits': '1',
31 silly get     'x-timer': 'S1468381103.001442,VS0,VE0',
31 silly get     vary: 'Accept-Encoding' } ]
32 verbose get saving pug to /home/easyvisit/.npm/registry.npmjs.org/pug/.cache.json
33 silly fetchPackageMetaData Error: No compatible version found: pug@~1.11.0
33 silly fetchPackageMetaData Valid install targets:
33 silly fetchPackageMetaData 2.0.0-beta3, 2.0.0-beta2, 2.0.0-beta1, 2.0.0-alpha8, 2.0.0-alpha7, 2.0.0-alpha6, 2.0.0-alpha5, 2.0.0-alpha4, 2.0.0-alpha3, 2.0.0-alpha2, 2.0.0-alpha1, 0.1.0, 0.0.0
33 silly fetchPackageMetaData
33 silly fetchPackageMetaData     at pickVersionFromRegistryDocument (/usr/share/npm/lib/fetch-package-metadata.js:156:16)
33 silly fetchPackageMetaData     at /usr/share/npm/node_modules/iferr/index.js:13:50
33 silly fetchPackageMetaData     at /usr/share/npm/lib/utils/pulse-till-done.js:19:8
33 silly fetchPackageMetaData     at saved (/usr/share/npm/lib/cache/caching-client.js:168:7)
33 silly fetchPackageMetaData     at /usr/share/npm/node_modules/graceful-fs/polyfills.js:210:7
33 silly fetchPackageMetaData     at FSReqWrap.oncomplete (fs.js:82:15)
33 silly fetchPackageMetaData  error for pug@~1.11.0 [Error: No compatible version found: pug@~1.11.0
33 silly fetchPackageMetaData Valid install targets:
33 silly fetchPackageMetaData 2.0.0-beta3, 2.0.0-beta2, 2.0.0-beta1, 2.0.0-alpha8, 2.0.0-alpha7, 2.0.0-alpha6, 2.0.0-alpha5, 2.0.0-alpha4, 2.0.0-alpha3, 2.0.0-alpha2, 2.0.0-alpha1, 0.1.0, 0.0.0
33 silly fetchPackageMetaData ]
34 silly rollbackFailedOptional Starting
35 silly rollbackFailedOptional Finishing
36 silly runTopLevelLifecycles Starting
37 silly runTopLevelLifecycles Finishing
38 silly install printInstalled
39 verbose stack Error: No compatible version found: pug@~1.11.0
39 verbose stack Valid install targets:
39 verbose stack 2.0.0-beta3, 2.0.0-beta2, 2.0.0-beta1, 2.0.0-alpha8, 2.0.0-alpha7, 2.0.0-alpha6, 2.0.0-alpha5, 2.0.0-alpha4, 2.0.0-alpha3, 2.0.0-alpha2, 2.0.0-alpha1, 0.1.0, 0.0.0
39 verbose stack
39 verbose stack     at pickVersionFromRegistryDocument (/usr/share/npm/lib/fetch-package-metadata.js:156:16)
39 verbose stack     at /usr/share/npm/node_modules/iferr/index.js:13:50
39 verbose stack     at /usr/share/npm/lib/utils/pulse-till-done.js:19:8
39 verbose stack     at saved (/usr/share/npm/lib/cache/caching-client.js:168:7)
39 verbose stack     at /usr/share/npm/node_modules/graceful-fs/polyfills.js:210:7
39 verbose stack     at FSReqWrap.oncomplete (fs.js:82:15)
40 verbose cwd /home/easyvisit/nodejs/easyVisit
41 error Linux 4.4.0-21-generic
42 error argv "/usr/bin/nodejs" "/usr/bin/npm" "install"
43 error node v4.2.6
44 error npm  v3.5.2
45 error No compatible version found: pug@~1.11.0
45 error Valid install targets:
45 error 2.0.0-beta3, 2.0.0-beta2, 2.0.0-beta1, 2.0.0-alpha8, 2.0.0-alpha7, 2.0.0-alpha6, 2.0.0-alpha5, 2.0.0-alpha4, 2.0.0-alpha3, 2.0.0-alpha2, 2.0.0-alpha1, 0.1.0, 0.0.0
46 error If you need help, you may report this error at:
46 error     <https://github.com/npm/npm/issues>
47 verbose exit [ 1, true ]
